\BOOKMARK [0][-]{chapter*.1}{Contents}{}% 1
\BOOKMARK [0][-]{chapter.1}{Introduction}{}% 2
\BOOKMARK [0][-]{chapter.2}{Click Modular Router}{}% 3
\BOOKMARK [1][-]{section.2.1}{Why Click?}{chapter.2}% 4
\BOOKMARK [0][-]{chapter.3}{Buffer Flusher}{}% 5
\BOOKMARK [1][-]{section.3.1}{Click Element}{chapter.3}% 6
\BOOKMARK [2][-]{subsection.3.1.1}{Example}{section.3.1}% 7
\BOOKMARK [2][-]{subsection.3.1.2}{Kernel integration}{section.3.1}% 8
\BOOKMARK [1][-]{section.3.2}{Packet creation}{chapter.3}% 9
\BOOKMARK [0][-]{chapter.4}{Testing}{}% 10
\BOOKMARK [1][-]{section.4.1}{Test Results}{chapter.4}% 11
\BOOKMARK [2][-]{subsection.4.1.1}{No cross-traffic}{section.4.1}% 12
\BOOKMARK [2][-]{subsection.4.1.2}{Random cross-traffic}{section.4.1}% 13
\BOOKMARK [2][-]{subsection.4.1.3}{Sample pattern of cross-traffic}{section.4.1}% 14
\BOOKMARK [0][-]{chapter.5}{Conclusions}{}% 15
\BOOKMARK [0][-]{appendix.A}{Packet structure}{}% 16
\BOOKMARK [0][-]{appendix.B}{Other test results}{}% 17
\BOOKMARK [1][-]{section.B.1}{No crosstraffic}{appendix.B}% 18
\BOOKMARK [1][-]{section.B.2}{Random Cross-traffic}{appendix.B}% 19
\BOOKMARK [1][-]{section.B.3}{Sample Crosstraffic}{appendix.B}% 20
\BOOKMARK [0][-]{appendix*.2}{List of Figures}{}% 21
\BOOKMARK [0][-]{appendix*.3}{List of Tables}{}% 22
\BOOKMARK [0][-]{appendix*.4}{Bibliography}{}% 23
